0 info it worked if it ends with ok
1 verbose cli [ '/usr/local/bin/node',
1 verbose cli   '/usr/local/bin/npm',
1 verbose cli   'install',
1 verbose cli   'gulp-gae-improved' ]
2 info using npm@3.10.7
3 info using node@v6.6.0
4 silly loadCurrentTree Starting
5 silly install loadCurrentTree
6 silly install readLocalPackageData
7 silly fetchPackageMetaData gulp-gae-improved
8 silly fetchNamedPackageData gulp-gae-improved
9 silly mapToRegistry name gulp-gae-improved
10 silly mapToRegistry using default registry
11 silly mapToRegistry registry https://registry.npmjs.org/
12 silly mapToRegistry data Result {
12 silly mapToRegistry   raw: 'gulp-gae-improved',
12 silly mapToRegistry   scope: null,
12 silly mapToRegistry   escapedName: 'gulp-gae-improved',
12 silly mapToRegistry   name: 'gulp-gae-improved',
12 silly mapToRegistry   rawSpec: '',
12 silly mapToRegistry   spec: 'latest',
12 silly mapToRegistry   type: 'tag' }
13 silly mapToRegistry uri https://registry.npmjs.org/gulp-gae-improved
14 verbose request uri https://registry.npmjs.org/gulp-gae-improved
15 verbose request no auth needed
16 info attempt registry request try #1 at 1:35:58 PM
17 verbose request using bearer token for auth
18 verbose request id f68c26b4b2e0f5ca
19 http request GET https://registry.npmjs.org/gulp-gae-improved
20 info retry will retry, error on last attempt: Error: getaddrinfo EAI_AGAIN registry.npmjs.org:443
21 info attempt registry request try #2 at 1:36:33 PM
22 verbose request using bearer token for auth
23 http request GET https://registry.npmjs.org/gulp-gae-improved
24 http 200 https://registry.npmjs.org/gulp-gae-improved
25 verbose headers { server: 'CouchDB/1.5.0 (Erlang OTP/R16B03)',
25 verbose headers   etag: '"OWY9O2V9XYYU5C9MACQ6PZ8I"',
25 verbose headers   'content-type': 'application/json',
25 verbose headers   'content-encoding': 'gzip',
25 verbose headers   'cache-control': 'max-age=300',
25 verbose headers   'transfer-encoding': 'chunked',
25 verbose headers   'accept-ranges': 'bytes',
25 verbose headers   date: 'Sun, 25 Sep 2016 16:36:35 GMT',
25 verbose headers   via: '1.1 varnish',
25 verbose headers   connection: 'keep-alive',
25 verbose headers   'x-served-by': 'cache-gru7124-GRU',
25 verbose headers   'x-cache': 'MISS',
25 verbose headers   'x-cache-hits': '0',
25 verbose headers   'x-timer': 'S1474821395.077229,VS0,VE224',
25 verbose headers   vary: 'Accept-Encoding' }
26 silly get cb [ 200,
26 silly get   { server: 'CouchDB/1.5.0 (Erlang OTP/R16B03)',
26 silly get     etag: '"OWY9O2V9XYYU5C9MACQ6PZ8I"',
26 silly get     'content-type': 'application/json',
26 silly get     'content-encoding': 'gzip',
26 silly get     'cache-control': 'max-age=300',
26 silly get     'transfer-encoding': 'chunked',
26 silly get     'accept-ranges': 'bytes',
26 silly get     date: 'Sun, 25 Sep 2016 16:36:35 GMT',
26 silly get     via: '1.1 varnish',
26 silly get     connection: 'keep-alive',
26 silly get     'x-served-by': 'cache-gru7124-GRU',
26 silly get     'x-cache': 'MISS',
26 silly get     'x-cache-hits': '0',
26 silly get     'x-timer': 'S1474821395.077229,VS0,VE224',
26 silly get     vary: 'Accept-Encoding' } ]
27 verbose get saving gulp-gae-improved to /home/dyego/.npm/registry.npmjs.org/gulp-gae-improved/.cache.json
28 verbose correctMkdir /home/dyego/.npm correctMkdir not in flight; initializing
29 silly install normalizeTree
30 silly loadCurrentTree Finishing
31 silly loadIdealTree Starting
32 silly install loadIdealTree
33 silly cloneCurrentTree Starting
34 silly install cloneCurrentTreeToIdealTree
35 silly cloneCurrentTree Finishing
36 silly loadShrinkwrap Starting
37 silly install loadShrinkwrap
38 silly loadShrinkwrap Finishing
39 silly loadAllDepsIntoIdealTree Starting
40 silly install loadAllDepsIntoIdealTree
41 silly rollbackFailedOptional Starting
42 silly rollbackFailedOptional Finishing
43 silly runTopLevelLifecycles Finishing
44 silly install printInstalled
45 verbose stack Error: Refusing to install gulp-gae-improved as a dependency of itself
45 verbose stack     at checkSelf (/usr/local/lib/node_modules/npm/lib/install/validate-args.js:53:14)
45 verbose stack     at Array.<anonymous> (/usr/local/lib/node_modules/npm/node_modules/slide/lib/bind-actor.js:15:8)
45 verbose stack     at LOOP (/usr/local/lib/node_modules/npm/node_modules/slide/lib/chain.js:15:14)
45 verbose stack     at chain (/usr/local/lib/node_modules/npm/node_modules/slide/lib/chain.js:20:5)
45 verbose stack     at /usr/local/lib/node_modules/npm/lib/install/validate-args.js:16:5
45 verbose stack     at /usr/local/lib/node_modules/npm/node_modules/slide/lib/async-map.js:52:35
45 verbose stack     at Array.forEach (native)
45 verbose stack     at /usr/local/lib/node_modules/npm/node_modules/slide/lib/async-map.js:52:11
45 verbose stack     at Array.forEach (native)
45 verbose stack     at asyncMap (/usr/local/lib/node_modules/npm/node_modules/slide/lib/async-map.js:51:8)
46 verbose cwd /home/dyego/Documents/code-stuff/pdb/gulp-gae-improved
47 error Linux 4.4.0-38-generic
48 error argv "/usr/local/bin/node" "/usr/local/bin/npm" "install" "gulp-gae-improved"
49 error node v6.6.0
50 error npm  v3.10.7
51 error code ENOSELF
52 error Refusing to install gulp-gae-improved as a dependency of itself
53 error If you need help, you may report this error at:
53 error     <https://github.com/npm/npm/issues>
54 verbose exit [ 1, true ]
